<?xml version="1.0" encoding="UTF-8"?>
<!-- Generated by org.testng.reporters.JUnitReportReporter -->
<testsuite skipped="0" hostname="DESKTOP-U6VM877" name="Project.HomePage" tests="1" failures="0" timestamp="09 Jul 2019 20:07:10 GMT" time="43.261" errors="0">
  <testcase name="basePageNavigation" time="43.261" classname="Project.HomePage"/>
</testsuite> <!-- Project.HomePage -->
